+-------+---------+---------+---------+-------------+
|       |  MRE-   |  ACC+   | PRED40+ | n_evals avg |
+=======+=========+=========+=========+=============+
| all   | 119.318 | -12.226 | 0       | 0           |
+-------+---------+---------+---------+-------------+
| sway1 | 15.078  | -0.080  | 70.831  | 8           |
+-------+---------+---------+---------+-------------+
| sway2 | 15.078  | -0.080  | 70.831  | 8           |
+-------+---------+---------+---------+-------------+
| xpln1 | 0       | 0       | 83.330  | 8           |
+-------+---------+---------+---------+-------------+
| xpln2 | 0       | 0       | 83.330  | 8           |
+-------+---------+---------+---------+-------------+
| top   | 0       | 0       | 83.330  | 10000       |
+-------+---------+---------+---------+-------------+

+----------------+------+------+---------+
|                | MRE- | ACC+ | PRED40+ |
+================+======+======+=========+
| all to all     | =    | =    | =       |
+----------------+------+------+---------+
| all to sway1   | ≠    | ≠    | ≠       |
+----------------+------+------+---------+
| sway1 to sway2 | =    | =    | =       |
+----------------+------+------+---------+
| sway1 to xpln1 | ≠    | ≠    | ≠       |
+----------------+------+------+---------+
| sway2 to xpln2 | ≠    | ≠    | ≠       |
+----------------+------+------+---------+
| sway1 to top   | ≠    | ≠    | ≠       |
+----------------+------+------+---------+