+-------+--------+--------+---------+-------------+
|       |  MRE-  |  ACC+  | PRED40+ | n_evals avg |
+=======+========+========+=========+=============+
| all   | 75.105 | 7.158  | 25      | 0           |
+-------+--------+--------+---------+-------------+
| sway1 | 73.776 | 7.634  | 25      | 8           |
+-------+--------+--------+---------+-------------+
| sway2 | 73.776 | 7.634  | 25      | 8           |
+-------+--------+--------+---------+-------------+
| xpln1 | 73.825 | 7.545  | 25      | 8           |
+-------+--------+--------+---------+-------------+
| xpln2 | 73.837 | 7.550  | 25      | 8           |
+-------+--------+--------+---------+-------------+
| top   | 64.910 | 11.330 | 25      | 10000       |
+-------+--------+--------+---------+-------------+

+----------------+------+------+---------+
|                | MRE- | ACC+ | PRED40+ |
+================+======+======+=========+
| all to all     | =    | =    | =       |
+----------------+------+------+---------+
| all to sway1   | ≠    | ≠    | ≠       |
+----------------+------+------+---------+
| sway1 to sway2 | =    | =    | =       |
+----------------+------+------+---------+
| sway1 to xpln1 | ≠    | ≠    | =       |
+----------------+------+------+---------+
| sway2 to xpln2 | ≠    | ≠    | =       |
+----------------+------+------+---------+
| sway1 to top   | ≠    | ≠    | ≠       |
+----------------+------+------+---------+