+-------+--------+---------+----------+---------+-------------+
|       | Kloc+  | Effort- | Defects- | Months- | n_evals avg |
+=======+========+=========+==========+=========+=============+
| all   | 47.500 | 252     | 2007     | 21.400  | 0           |
+-------+--------+---------+----------+---------+-------------+
| sway1 | 13.260 | 52.980  | 478.200  | 12.590  | 5           |
+-------+--------+---------+----------+---------+-------------+
| sway2 | 13.260 | 52.980  | 478.200  | 12.590  | 5           |
+-------+--------+---------+----------+---------+-------------+
| xpln1 | 14.555 | 62.100  | 560.600  | 13.150  | 5           |
+-------+--------+---------+----------+---------+-------------+
| xpln2 | 14.555 | 62.100  | 560.600  | 13.150  | 5           |
+-------+--------+---------+----------+---------+-------------+
| top   | 4.700  | 15.120  | 146.800  | 8.580   | 93          |
+-------+--------+---------+----------+---------+-------------+

+----------------+-------+---------+----------+---------+
|                | Kloc+ | Effort- | Defects- | Months- |
+================+=======+=========+==========+=========+
| all to all     | =     | =       | =        | =       |
+----------------+-------+---------+----------+---------+
| all to sway1   | ≠     | ≠       | ≠        | ≠       |
+----------------+-------+---------+----------+---------+
| sway1 to sway2 | =     | =       | =        | =       |
+----------------+-------+---------+----------+---------+
| sway1 to xpln1 | ≠     | ≠       | ≠        | ≠       |
+----------------+-------+---------+----------+---------+
| sway2 to xpln2 | ≠     | ≠       | ≠        | ≠       |
+----------------+-------+---------+----------+---------+
| sway1 to top   | ≠     | ≠       | ≠        | ≠       |
+----------------+-------+---------+----------+---------+