+-------+----------+-------------+----------+--------+-------------+
|       | CityMPG+ | HighwayMPG+ | Weight-  | Class- | n_evals avg |
+=======+==========+=============+==========+========+=============+
| all   | 21       | 28          | 3040     | 17.700 | 0           |
+-------+----------+-------------+----------+--------+-------------+
| sway1 | 28.950   | 33.350      | 2217.500 | 10.030 | 5           |
+-------+----------+-------------+----------+--------+-------------+
| sway2 | 26.900   | 31.900      | 2374.500 | 10.890 | 5           |
+-------+----------+-------------+----------+--------+-------------+
| xpln1 | 28.750   | 33.150      | 2343.500 | 10.655 | 5           |
+-------+----------+-------------+----------+--------+-------------+
| xpln2 | 27.250   | 32.800      | 2430     | 11.375 | 5           |
+-------+----------+-------------+----------+--------+-------------+
| top   | 33       | 40.200      | 2053     | 8.920  | 93          |
+-------+----------+-------------+----------+--------+-------------+

+----------------+----------+-------------+---------+--------+
|                | CityMPG+ | HighwayMPG+ | Weight- | Class- |
+================+==========+=============+=========+========+
| all to all     | =        | =           | =       | =      |
+----------------+----------+-------------+---------+--------+
| all to sway1   | ≠        | ≠           | ≠       | ≠      |
+----------------+----------+-------------+---------+--------+
| sway1 to sway2 | ≠        | ≠           | ≠       | ≠      |
+----------------+----------+-------------+---------+--------+
| sway1 to xpln1 | ≠        | ≠           | ≠       | ≠      |
+----------------+----------+-------------+---------+--------+
| sway2 to xpln2 | =        | =           | =       | =      |
+----------------+----------+-------------+---------+--------+
| sway1 to top   | ≠        | ≠           | ≠       | ≠      |
+----------------+----------+-------------+---------+--------+