+-------+----------+--------+--------+-------------+
|       |   Lbs-   |  Acc+  |  Mpg+  | n_evals avg |
+=======+==========+========+========+=============+
| all   | 2800     | 15.500 | 20     | 0           |
+-------+----------+--------+--------+-------------+
| sway1 | 2103.250 | 16.360 | 33.500 | 6           |
+-------+----------+--------+--------+-------------+
| sway2 | 2216.500 | 16.380 | 29     | 6           |
+-------+----------+--------+--------+-------------+
| xpln1 | 2240.450 | 16.330 | 29     | 6           |
+-------+----------+--------+--------+-------------+
| xpln2 | 2213.250 | 16.345 | 29.500 | 6           |
+-------+----------+--------+--------+-------------+
| top   | 1985     | 18.800 | 40     | 398         |
+-------+----------+--------+--------+-------------+

+----------------+------+------+------+
|                | Lbs- | Acc+ | Mpg+ |
+================+======+======+======+
| all to all     | =    | =    | =    |
+----------------+------+------+------+
| all to sway1   | ≠    | ≠    | ≠    |
+----------------+------+------+------+
| sway1 to sway2 | ≠    | ≠    | ≠    |
+----------------+------+------+------+
| sway1 to xpln1 | ≠    | ≠    | ≠    |
+----------------+------+------+------+
| sway2 to xpln2 | ≠    | =    | =    |
+----------------+------+------+------+
| sway1 to top   | ≠    | ≠    | ≠    |
+----------------+------+------+------+