+-------+-----------+-------------+
|       | N_effort- | n_evals avg |
+=======+===========+=============+
| all   | 2098      | 0           |
+-------+-----------+-------------+
| sway1 | 806.850   | 6           |
+-------+-----------+-------------+
| sway2 | 1038.150  | 6           |
+-------+-----------+-------------+
| xpln1 | 800.100   | 6           |
+-------+-----------+-------------+
| xpln2 | 1040.550  | 6           |
+-------+-----------+-------------+
| top   | 148       | 499         |
+-------+-----------+-------------+

+----------------+-----------+
|                | N_effort- |
+================+===========+
| all to all     | =         |
+----------------+-----------+
| all to sway1   | ≠         |
+----------------+-----------+
| sway1 to sway2 | ≠         |
+----------------+-----------+
| sway1 to xpln1 | ≠         |
+----------------+-----------+
| sway2 to xpln2 | =         |
+----------------+-----------+
| sway1 to top   | ≠         |
+----------------+-----------+