+-------+----------+-------+-----------+-------------+
|       |   Loc+   | Risk- |  Effort-  | n_evals avg |
+=======+==========+=======+===========+=============+
| all   | 1006.150 | 5.050 | 20153.500 | 0           |
+-------+----------+-------+-----------+-------------+
| sway1 | 984.300  | 4.100 | 16570.750 | 8           |
+-------+----------+-------+-----------+-------------+
| sway2 | 984.300  | 4.100 | 16570.750 | 8           |
+-------+----------+-------+-----------+-------------+
| xpln1 | 1009.950 | 5     | 19854.400 | 8           |
+-------+----------+-------+-----------+-------------+
| xpln2 | 1010.950 | 5     | 19789.450 | 8           |
+-------+----------+-------+-----------+-------------+
| top   | 1959     | 0     | 17752     | 10000       |
+-------+----------+-------+-----------+-------------+

+----------------+------+-------+---------+
|                | Loc+ | Risk- | Effort- |
+================+======+=======+=========+
| all to all     | =    | =     | =       |
+----------------+------+-------+---------+
| all to sway1   | ≠    | ≠     | ≠       |
+----------------+------+-------+---------+
| sway1 to sway2 | =    | =     | =       |
+----------------+------+-------+---------+
| sway1 to xpln1 | ≠    | ≠     | ≠       |
+----------------+------+-------+---------+
| sway2 to xpln2 | =    | ≠     | ≠       |
+----------------+------+-------+---------+
| sway1 to top   | ≠    | ≠     | ≠       |
+----------------+------+-------+---------+