+-------+----------+-------+-------+-------+-----------+-------------+
|       |   LOC+   | AEXP- | PLEX- | RISK- |  EFFORT-  | n_evals avg |
+=======+==========+=======+=======+=======+===========+=============+
| all   | 1061.950 | 3     | 3     | 5.150 | 19287.300 | 0           |
+-------+----------+-------+-------+-------+-----------+-------------+
| sway1 | 1046.800 | 2.850 | 2.900 | 4.100 | 19264     | 6.150       |
+-------+----------+-------+-------+-------+-----------+-------------+
| sway2 | 1297.950 | 2.750 | 2.850 | 5.500 | 43879.150 | 6.150       |
+-------+----------+-------+-------+-------+-----------+-------------+
| xpln1 | 1055.900 | 3     | 3     | 4.900 | 19798.700 | 6.150       |
+-------+----------+-------+-------+-------+-----------+-------------+
| xpln2 | 1292.450 | 2.750 | 2.850 | 5.650 | 43869.300 | 6.150       |
+-------+----------+-------+-------+-------+-----------+-------------+
| top   | 1534.700 | 2     | 1     | 3.150 | 29972     | 1000        |
+-------+----------+-------+-------+-------+-----------+-------------+

+----------------+------+-------+-------+-------+---------+
|                | LOC+ | AEXP- | PLEX- | RISK- | EFFORT- |
+================+======+=======+=======+=======+=========+
| all to all     | =    | =     | =     | =     | =       |
+----------------+------+-------+-------+-------+---------+
| all to sway1   | ≠    | =     | ≠     | ≠     | ≠       |
+----------------+------+-------+-------+-------+---------+
| sway1 to sway2 | ≠    | ≠     | ≠     | ≠     | ≠       |
+----------------+------+-------+-------+-------+---------+
| sway1 to xpln1 | ≠    | ≠     | ≠     | ≠     | ≠       |
+----------------+------+-------+-------+-------+---------+
| sway2 to xpln2 | =    | =     | =     | =     | =       |
+----------------+------+-------+-------+-------+---------+
| sway1 to top   | ≠    | ≠     | ≠     | ≠     | ≠       |
+----------------+------+-------+-------+-------+---------+