+-------+--------+--------+---------+-------------+
|       |  MRE-  |  ACC+  | PRED40+ | n_evals avg |
+=======+========+========+=========+=============+
| all   | 74.978 | 7.130  | 25      | 0           |
+-------+--------+--------+---------+-------------+
| sway1 | 73.808 | 7.580  | 25      | 8           |
+-------+--------+--------+---------+-------------+
| sway2 | 73.165 | 7.690  | 25      | 8           |
+-------+--------+--------+---------+-------------+
| xpln1 | 73.784 | 7.548  | 25      | 8           |
+-------+--------+--------+---------+-------------+
| xpln2 | 73.634 | 7.572  | 25      | 8           |
+-------+--------+--------+---------+-------------+
| top   | 64.910 | 11.330 | 25      | 10000       |
+-------+--------+--------+---------+-------------+

+----------------+------+------+---------+
|                | MRE- | ACC+ | PRED40+ |
+================+======+======+=========+
| all to all     | =    | =    | =       |
+----------------+------+------+---------+
| all to sway1   | ≠    | ≠    | ≠       |
+----------------+------+------+---------+
| sway1 to sway2 | ≠    | ≠    | ≠       |
+----------------+------+------+---------+
| sway1 to xpln1 | ≠    | ≠    | ≠       |
+----------------+------+------+---------+
| sway2 to xpln2 | ≠    | ≠    | ≠       |
+----------------+------+------+---------+
| sway1 to top   | ≠    | ≠    | ≠       |
+----------------+------+------+---------+