+-------+---------+---------+---------+-------------+
|       |  MRE-   |  ACC+   | PRED40+ | n_evals avg |
+=======+=========+=========+=========+=============+
| all   | 119.361 | -12.229 | 0       | 0           |
+-------+---------+---------+---------+-------------+
| sway1 | 5.027   | -0.026  | 79.163  | 8           |
+-------+---------+---------+---------+-------------+
| sway2 | 5.083   | -0.080  | 79.163  | 8           |
+-------+---------+---------+---------+-------------+
| xpln1 | 0       | 0       | 83.330  | 8           |
+-------+---------+---------+---------+-------------+
| xpln2 | 15.084  | -0.106  | 66.664  | 8           |
+-------+---------+---------+---------+-------------+
| top   | 0       | 0       | 83.330  | 10000       |
+-------+---------+---------+---------+-------------+

+----------------+------+------+---------+
|                | MRE- | ACC+ | PRED40+ |
+================+======+======+=========+
| all to all     | =    | =    | =       |
+----------------+------+------+---------+
| all to sway1   | ≠    | ≠    | ≠       |
+----------------+------+------+---------+
| sway1 to sway2 | ≠    | ≠    | ≠       |
+----------------+------+------+---------+
| sway1 to xpln1 | ≠    | ≠    | ≠       |
+----------------+------+------+---------+
| sway2 to xpln2 | ≠    | ≠    | ≠       |
+----------------+------+------+---------+
| sway1 to top   | ≠    | ≠    | ≠       |
+----------------+------+------+---------+