+-------+--------+---------+----------+---------+-------------+
|       | Kloc+  | Effort- | Defects- | Months- | n_evals avg |
+=======+========+=========+==========+=========+=============+
| all   | 47.500 | 252     | 2007     | 21.400  | 0           |
+-------+--------+---------+----------+---------+-------------+
| sway1 | 14.635 | 72.700  | 565.400  | 13.300  | 5           |
+-------+--------+---------+----------+---------+-------------+
| sway2 | 28.625 | 140     | 1087.150 | 16.265  | 5           |
+-------+--------+---------+----------+---------+-------------+
| xpln1 | 12.930 | 67.800  | 474.350  | 12.840  | 5           |
+-------+--------+---------+----------+---------+-------------+
| xpln2 | 37.435 | 314.380 | 1460.550 | 19.025  | 5           |
+-------+--------+---------+----------+---------+-------------+
| top   | 4.800  | 15.480  | 149.950  | 8.645   | 93          |
+-------+--------+---------+----------+---------+-------------+

+----------------+-------+---------+----------+---------+
|                | Kloc+ | Effort- | Defects- | Months- |
+================+=======+=========+==========+=========+
| all to all     | =     | =       | =        | =       |
+----------------+-------+---------+----------+---------+
| all to sway1   | ≠     | ≠       | ≠        | ≠       |
+----------------+-------+---------+----------+---------+
| sway1 to sway2 | ≠     | ≠       | ≠        | ≠       |
+----------------+-------+---------+----------+---------+
| sway1 to xpln1 | ≠     | =       | =        | =       |
+----------------+-------+---------+----------+---------+
| sway2 to xpln2 | ≠     | ≠       | ≠        | ≠       |
+----------------+-------+---------+----------+---------+
| sway1 to top   | ≠     | ≠       | ≠        | ≠       |
+----------------+-------+---------+----------+---------+