+-------+---------+-------------+-------+-------------+
|       |  Cost-  | Completion+ | Idle- | n_evals avg |
+=======+=========+=============+=======+=============+
| all   | 326.922 | 0.899       | 0.232 | 0           |
+-------+---------+-------------+-------+-------------+
| sway1 | 242.491 | 0.904       | 0.208 | 8           |
+-------+---------+-------------+-------+-------------+
| sway2 | 242.491 | 0.904       | 0.208 | 8           |
+-------+---------+-------------+-------+-------------+
| xpln1 | 236.505 | 0.894       | 0.240 | 8           |
+-------+---------+-------------+-------+-------------+
| xpln2 | 235.480 | 0.899       | 0.243 | 8           |
+-------+---------+-------------+-------+-------------+
| top   | 138.750 | 1           | 0     | 10000       |
+-------+---------+-------------+-------+-------------+

+----------------+-------+-------------+-------+
|                | Cost- | Completion+ | Idle- |
+================+=======+=============+=======+
| all to all     | =     | =           | =     |
+----------------+-------+-------------+-------+
| all to sway1   | ≠     | =           | ≠     |
+----------------+-------+-------------+-------+
| sway1 to sway2 | =     | =           | =     |
+----------------+-------+-------------+-------+
| sway1 to xpln1 | ≠     | =           | ≠     |
+----------------+-------+-------------+-------+
| sway2 to xpln2 | ≠     | ≠           | ≠     |
+----------------+-------+-------------+-------+
| sway1 to top   | ≠     | ≠           | ≠     |
+----------------+-------+-------------+-------+