+-------+-------------------+-----------------+-------------+
|       | NUMBERITERATIONS- | TIMETOSOLUTION- | n_evals avg |
+=======+===================+=================+=============+
| all   | 6.950             | 134.377         | 0           |
+-------+-------------------+-----------------+-------------+
| sway1 | 4.900             | 121.666         | 10          |
+-------+-------------------+-----------------+-------------+
| sway2 | 4.900             | 121.666         | 10          |
+-------+-------------------+-----------------+-------------+
| xpln1 | 5.450             | 121.482         | 10          |
+-------+-------------------+-----------------+-------------+
| xpln2 | 5.400             | 121.263         | 10          |
+-------+-------------------+-----------------+-------------+
| top   | 4                 | 59.982          | 239360      |
+-------+-------------------+-----------------+-------------+

+----------------+-------------------+-----------------+
|                | NUMBERITERATIONS- | TIMETOSOLUTION- |
+================+===================+=================+
| all to all     | =                 | =               |
+----------------+-------------------+-----------------+
| all to sway1   | ≠                 | ≠               |
+----------------+-------------------+-----------------+
| sway1 to sway2 | =                 | =               |
+----------------+-------------------+-----------------+
| sway1 to xpln1 | ≠                 | ≠               |
+----------------+-------------------+-----------------+
| sway2 to xpln2 | ≠                 | ≠               |
+----------------+-------------------+-----------------+
| sway1 to top   | ≠                 | ≠               |
+----------------+-------------------+-----------------+